Abney-->(INF1-CG,63) (DISS,65) (ADS,67) (BIO2,57) (ASR,97) (COPT,52) (DAPA,99) (AR,56) (EXC,68) (IRR,48) (AV,56) (PPLS,64) (BIO1,51) (NIP,86) (RTN,53) (IAML,56)
Ackroyd-->(DAPA,66) (NIP,84) (PM,41) (COPT,63) (BIO1,48) (PPLS,91) (INF2D,95) (IRR,44) (COC,71) (TTS,93) (HCI,79)	
Harry-->(ADS,82) (ANLP,54) (BIO2,75) (ASR,42) (AR,72) (COPT,69) (RTN,50) (CT,88) (BIO1,92) (DMR,86)	
Ale-->(IJP,96) (SLIP,72) (ANLP,43) (DMR,98) (ADBS,45) (HCI,45) (TDD,66) (PM,64) (ABS,74)	
Anderton-->(TTS,79) (SLIP,71) (BIO1,73) (IRP,64) (COC,52)	
Ackley-->(INF2D,70) (EXC,57) (IJP,67) (ANLP,55) (AV,80) (ADBS,94) (SLIP,70) (ABS,59) (INF1-CG,99)	
Julia-->(ASR,74)	
Ackers-->	
Jacob-->	
Aldis-->	
Alridge-->	
Daniella-->	
John-->	
Adcox-->	
Andrews-->	
Adkins-->	
Joel-->	
Acton-->(AV,76) (BIO1,64) (IRR,70)	
Barnaby-->	
Jordan-->	
