0 0 PROPERTY OF JQUERY RETURNS THE NUMBER OF ELEMENTS WHICH WERE IS A SELECTOR FOR JQUERY TO SELECT ELEMENTS WHICH HAVE NO CHILD OR NO OF EMPTY TEXTAREA IS AND OF EMPTY INPUT WITH THE CLASS TITLE IS ENABLE	
0 0 SOLID	
0 1	
0 1 0	
0 1 1 1 0 0 1 1 0 1 0	
0 1 IS 2 IS 4 ALWAYS 7 ACTIVESYNC FEATURES DEFAULT 0 MSEXCHOMAADMINWIRELESSENABLE SELECT	
0 400PX SOLID	
0 8 BIT UNSIGNED SO ALLOWS 255 ZERO EMPTY OTHER 255 THE 255 IS VERY DIFFERENT TO SQL SERVER ALWAYS PADS THE DATA IF NOT IS NO DIFFERENCE BETWEEN AND UNLESS YOU WANT TO INDEX WHERE YOU HAVE A LIMIT OF 900 SERVER BEFORE 7 HAD VARCHAR LIMIT OF 255 AND NO UNICODE THAT WAS A	
0 AFTER FOUND THE ERROR CODE IS NO ENOUGH CAN I AVOID THIS PASS 3500 HEIGHT	
0 ALERT HAVE YOUR CODE THE PARANTHESIS ORDER WAS NOT THE RIGHT IT SHOULD THERE IS NO NEED OF THE EXTRA YOU CAN SIMPLY 0 ALERT HAVE	
0 AND CATEGORY	
0 ANDALSO 0 THE FIRST TABLE CONTAINS	
0 AS POINT CFGLISTGROUPPARIZM CFGIZMERITEL B AND AS AS POINT CFGLISTGROUPPARIZM CFGIZMERITEL CFGIZMERPOINT C AND AS 0 AS POINT HERE I KNOW THEIR NAMES AND A POINT AND WAS IDEA USING EXCEPT BUT I NEED TO KNOW ALL FIELDS FOR IT KNOW ONLY SO I NEED EXCLUDE FROM THIS UNION NODES WITH UNDER EXCEPT THINKING ABOUT COMBINE TO MAKE IT OR SOME IDEAS OR ADVICES FROM UNION BY ONLY ONE OUT FIELD	
0 BE AS SIMPLE AS MAKING TWO MAIN ONE WRAPS THE CONTENT ONE AND CENTERS	
0 DID THE	
0 DO SOMETHING	
0 DO STUFF	
0 ECHO	
0 ECHO ECHO ELSE ECHO 2 ECHO ECHO ECHO	
0 EXEC ECHO DEBUG EXEC DEBUG STH LOG STH NORMAL ERROT STH FINISH CLOSE DESCRIPTOR	
